<?xml version="1.0" encoding="UTF-8"?>
<testsuite xmlns:xsi="http://www.w3.org/2001/XMLSchema-instance" xsi:noNamespaceSchemaLocation="https://maven.apache.org/surefire/maven-surefire-plugin/xsd/surefire-test-report.xsd" name="tests.ProfilePageTests" time="92.426" tests="8" errors="0" skipped="0" failures="0">
  <properties>
[...]
</properties>
  <testcase name="checkLinkLogOutIsSuccess[Browser chrome]" classname="tests.ProfilePageTests" time="19.197"/>
  <testcase name="checkLinkOnLogoIsSuccess[Browser chrome]" classname="tests.ProfilePageTests" time="19.23"/>
  <testcase name="checkLinkToProfileIsSuccess[Browser chrome]" classname="tests.ProfilePageTests" time="15.978"/>
  <testcase name="checkLinkToConstructorIsSuccess[Browser chrome]" classname="tests.ProfilePageTests" time="17.203"/>
  <testcase name="checkLinkLogOutIsSuccess[Browser yandex]" classname="tests.ProfilePageTests" time="5.633"/>
  <testcase name="checkLinkOnLogoIsSuccess[Browser yandex]" classname="tests.ProfilePageTests" time="5.075"/>
  <testcase name="checkLinkToProfileIsSuccess[Browser yandex]" classname="tests.ProfilePageTests" time="4.946"/>
  <testcase name="checkLinkToConstructorIsSuccess[Browser yandex]" classname="tests.ProfilePageTests" time="5.136"/>
</testsuite>